<?xml version="1.0" encoding="UTF-8"?>
<!-- Generated by org.testng.reporters.JUnitReportReporter -->
<testsuite hostname="Midhun" failures="0" tests="4" name="testScript.LoginTest" time="55.171" errors="0" timestamp="2025-05-09T14:35:41 IST" skipped="0">
  <testcase classname="testScript.LoginTest" name="verifyUserCanSucessfullyLoginWithInvalidUsernameValidpwd" time="17.832"/>
  <testcase classname="testScript.LoginTest" name="verifyUserCanSucessfullyLoginWithValidCreditionals" time="11.214"/>
  <testcase classname="testScript.LoginTest" name="verifyUserCanSucessfullyLoginWithValidUsernameInvalidpwd" time="11.637"/>
  <testcase classname="testScript.LoginTest" name="verifyUserCanSucessfullyLoginWithInvalidUsernameInvalidpwd" time="14.488"/>
</testsuite> <!-- testScript.LoginTest -->
