<?xml version="1.0" encoding="UTF-8"?>
<!-- Generated by org.testng.reporters.JUnitReportReporter -->
<testsuite hostname="Midhun" failures="0" tests="2" name="testScript.LoginTest" time="8.641" errors="0" timestamp="2025-05-28T23:34:10 IST" skipped="0">
  <testcase classname="testScript.LoginTest" name="verifyUserCanSucessfullyLoginWithValidCredentials" time="5.151"/>
  <testcase classname="testScript.LoginTest" name="verifyUserCanSucessfullyLoginWithInvalidUsernameValidpwd" time="3.490"/>
</testsuite> <!-- testScript.LoginTest -->
