<?xml version="1.0" encoding="UTF-8"?>
<!-- Generated by org.testng.reporters.JUnitReportReporter -->
<testsuite hostname="Midhun" failures="0" tests="1" name="testScript.ManageCategoryTest" time="8.465" errors="0" timestamp="2025-05-21T23:22:51 IST" skipped="0">
  <testcase classname="testScript.ManageCategoryTest" name="verifyUserCanSearchForaAddedCategoryfromManageCateogryPage" time="8.465"/>
</testsuite> <!-- testScript.ManageCategoryTest -->
