<?xml version="1.0" encoding="UTF-8"?>
<!-- Generated by org.testng.reporters.JUnitReportReporter -->
<testsuite hostname="Midhun" failures="0" tests="1" name="testScript.ManageCategoryTest" time="7.297" errors="0" timestamp="2025-05-28T22:07:59 IST" skipped="0">
  <testcase classname="testScript.ManageCategoryTest" name="verifyUserCanAddNewCategoryOnCategoryPage" time="7.297"/>
</testsuite> <!-- testScript.ManageCategoryTest -->
