<?xml version="1.0" encoding="UTF-8"?>
<!-- Generated by org.testng.reporters.JUnitReportReporter -->
<testsuite hostname="Midhun" failures="0" tests="1" name="testScript.HomeTest" time="5.798" errors="0" timestamp="2025-05-17T02:27:08 IST" skipped="0">
  <testcase classname="testScript.HomeTest" name="verifyWhetherTheUserIsAbleToLogoutFromHomePage" time="5.798"/>
</testsuite> <!-- testScript.HomeTest -->
