<?xml version="1.0" encoding="UTF-8"?>
<!-- Generated by org.testng.reporters.JUnitReportReporter -->
<testsuite hostname="Midhun" failures="0" tests="2" name="testScript.AdminUserTest" time="14.318" errors="0" timestamp="2025-05-23T12:10:14 IST" skipped="0">
  <testcase classname="testScript.AdminUserTest" name="verifyWhetherTheAdminCanAddNewUserSucessfullyOnAdminUsersPage" time="7.826"/>
  <testcase classname="testScript.AdminUserTest" name="verifyAdminCanSucessfullySearchForaNewlyAddedUserOnAdminUsersPage" time="6.492"/>
</testsuite> <!-- testScript.AdminUserTest -->
