<?xml version="1.0" encoding="UTF-8"?>
<!-- Generated by org.testng.reporters.JUnitReportReporter -->
<testsuite hostname="Midhun" failures="0" tests="2" name="testScript.ManageCategoryTest" time="12.846" errors="0" timestamp="2025-05-29T16:48:48 IST" skipped="0">
  <testcase classname="testScript.ManageCategoryTest" name="verifyUserCanAddNewCategoryOnCategoryPage" time="8.179"/>
  <testcase classname="testScript.ManageCategoryTest" name="verifyUserCanSearchForaAddedCategoryfromManageCateogryPage" time="4.667"/>
</testsuite> <!-- testScript.ManageCategoryTest -->
