<?xml version="1.0" encoding="UTF-8"?>
<!-- Generated by org.testng.reporters.JUnitReportReporter -->
<testsuite hostname="Midhun" failures="0" tests="1" name="testScript.LoginTest" time="5.066" errors="0" timestamp="2025-05-29T16:58:59 IST" skipped="0">
  <testcase classname="testScript.LoginTest" name="verifyUserCanSucessfullyLoginWithValidCredentials" time="5.066"/>
</testsuite> <!-- testScript.LoginTest -->
