<?xml version="1.0" encoding="UTF-8"?>
<!-- Generated by org.testng.reporters.JUnitReportReporter -->
<testsuite hostname="Midhun" failures="0" tests="1" name="testScript.ManageNewsTest" time="7.308" errors="0" timestamp="2025-05-28T23:54:57 IST" skipped="0">
  <testcase classname="testScript.ManageNewsTest" name="verifyUserCanAddNewNewsSucessfullyInManageNewsPage" time="7.308"/>
</testsuite> <!-- testScript.ManageNewsTest -->
