<?xml version="1.0" encoding="UTF-8"?>
<!-- Generated by org.testng.reporters.JUnitReportReporter -->
<testsuite hostname="Midhun" failures="0" tests="2" name="testScript.AdminUserTest" time="13.428" errors="0" timestamp="2025-05-28T21:15:22 IST" skipped="0">
  <testcase classname="testScript.AdminUserTest" name="verifyWhetherTheAdminCanAddNewUserSucessfullyOnAdminUsersPage" time="8.565"/>
  <testcase classname="testScript.AdminUserTest" name="verifyAdminCanSucessfullySearchForaNewlyAddedUserOnAdminUsersPage" time="4.863"/>
</testsuite> <!-- testScript.AdminUserTest -->
