<?xml version="1.0" encoding="UTF-8"?>
<!-- Generated by org.testng.reporters.JUnitReportReporter -->
<testsuite hostname="Midhun" failures="0" tests="1" name="testScript.ManageCategoryTest" time="7.702" errors="0" timestamp="2025-05-23T12:45:12 IST" skipped="0">
  <testcase classname="testScript.ManageCategoryTest" name="verifyUserCanAddNewCategoryOnCategoryPage" time="7.702"/>
</testsuite> <!-- testScript.ManageCategoryTest -->
