<?xml version="1.0" encoding="UTF-8"?>
<!-- Generated by org.testng.reporters.JUnitReportReporter -->
<testsuite hostname="Midhun" failures="0" tests="1" name="testScript.AdminUserTest" time="11.317" errors="0" timestamp="2025-05-18T14:47:22 IST" skipped="0">
  <testcase classname="testScript.AdminUserTest" name="verifyAdminCanSucessfullySearchForaNewlyAddedUserOnAdminUsersPage" time="11.317"/>
</testsuite> <!-- testScript.AdminUserTest -->
