<?xml version="1.0" encoding="UTF-8"?>
<!-- Generated by org.testng.reporters.JUnitReportReporter -->
<testsuite hostname="Midhun" failures="0" tests="1" name="testScript.LoginTest" time="7.184" errors="0" timestamp="2025-05-22T23:51:20 IST" skipped="0">
  <testcase classname="testScript.LoginTest" name="verifyUserCanSucessfullyLoginWithValidUsernameInvalidpwd" time="7.184"/>
</testsuite> <!-- testScript.LoginTest -->
