<?xml version="1.0" encoding="UTF-8"?>
<!-- Generated by org.testng.reporters.JUnitReportReporter -->
<testsuite hostname="Midhun" failures="0" tests="1" name="testScript.ManageNewsTest" time="9.416" errors="0" timestamp="2025-05-18T14:53:33 IST" skipped="0">
  <testcase classname="testScript.ManageNewsTest" name="verifyUserCanAddNewNewsSucessfullyInManageNewsPage" time="9.416"/>
</testsuite> <!-- testScript.ManageNewsTest -->
