<?xml version="1.0" encoding="UTF-8"?>
<!-- Generated by org.testng.reporters.JUnitReportReporter -->
<testsuite hostname="Midhun" failures="0" tests="1" name="testScript.HomeTest" time="3.717" errors="0" timestamp="2025-05-28T23:54:57 IST" skipped="0">
  <testcase classname="testScript.HomeTest" name="verifyWhetherTheUserIsAbleToLogoutFromHomePage" time="3.717"/>
</testsuite> <!-- testScript.HomeTest -->
